<?xml version="1.0" encoding="UTF-8"?>
<!-- Generated by org.testng.reporters.JUnitReportReporter -->
<testsuite hostname="LAPTOP-88F66DRB" failures="0" tests="2" name="com.restassured.api.GetData" time="3.592" errors="0" timestamp="2021-09-22T10:14:33 BST" skipped="0">
  <testcase classname="com.restassured.api.GetData" name="test" time="2.340"/>
  <system-out/>
  <testcase classname="com.restassured.api.GetData" name="test1" time="1.252"/>
  <system-out/>
</testsuite> <!-- com.restassured.api.GetData -->
