<?xml version="1.0" encoding="UTF-8"?>
<!-- Generated by org.testng.reporters.JUnitReportReporter -->
<testsuite hostname="LAPTOP-88F66DRB" failures="0" tests="1" name="com.restassured.api.PostData" time="1.585" errors="0" timestamp="2021-09-20T21:04:26 BST" skipped="0">
  <testcase classname="com.restassured.api.PostData" name="test2" time="1.585"/>
  <system-out/>
</testsuite> <!-- com.restassured.api.PostData -->
