<?xml version="1.0" encoding="UTF-8"?>
<!-- Generated by org.testng.reporters.JUnitReportReporter -->
<testsuite hostname="LAPTOP-88F66DRB" failures="0" tests="1" name="com.restassured.api.PostSuccessfulData" time="2.060" errors="0" timestamp="2021-09-22T10:28:26 BST" skipped="0">
  <testcase classname="com.restassured.api.PostSuccessfulData" name="test2" time="2.060"/>
  <system-out/>
</testsuite> <!-- com.restassured.api.PostSuccessfulData -->
