<?xml version="1.0" encoding="UTF-8"?>
<!-- Generated by org.testng.reporters.JUnitReportReporter -->
<testsuite hostname="LAPTOP-88F66DRB" failures="0" tests="1" name="com.restassured.api.PostUnsuccesful" time="2.105" errors="0" timestamp="2021-09-22T10:27:50 BST" skipped="0">
  <testcase classname="com.restassured.api.PostUnsuccesful" name="test2" time="2.105"/>
  <system-out/>
</testsuite> <!-- com.restassured.api.PostUnsuccesful -->
