<?xml version="1.0" encoding="UTF-8"?>
<!-- Generated by org.testng.reporters.JUnitReportReporter -->
<testsuite hostname="LAPTOP-88F66DRB" failures="0" tests="1" name="com.restassured.api.PutData" time="2.140" errors="0" timestamp="2021-09-22T10:29:24 BST" skipped="0">
  <testcase classname="com.restassured.api.PutData" name="test2" time="2.140"/>
  <system-out/>
</testsuite> <!-- com.restassured.api.PutData -->
